<?xml version="1.0" encoding="UTF-8"?>
<testsuite name="com.bridglabz.LeagueAnalyserTest" tests="1" skipped="0" failures="0" errors="0" timestamp="2020-08-27T09:24:43" hostname="DESKTOP-GL7D8LT" time="0.926">
  <properties/>
  <testcase name="givenFile_SortWithRespectBowlingStrikeRates_ReturnHighestPlayerName" classname="com.bridglabz.LeagueAnalyserTest" time="0.926"/>
  <system-out><![CDATA[]]></system-out>
  <system-err><![CDATA[]]></system-err>
</testsuite>
