<?xml version="1.0" encoding="UTF-8"?>
<testsuite name="com.bridglabz.LeagueAnalyserTest" tests="18" skipped="0" failures="0" errors="0" timestamp="2020-08-28T05:50:48" hostname="DESKTOP-GL7D8LT" time="7.495">
  <properties/>
  <testcase name="givenFile_SortWithRespectToAllRounder_ReturnHighestPlayerName" classname="com.bridglabz.LeagueAnalyserTest" time="1.682"/>
  <testcase name="givenFile_SortWithRespectToSixAndFour_ReturnHighestPlayerName" classname="com.bridglabz.LeagueAnalyserTest" time="0.439"/>
  <testcase name="givenFile_SortWithRespectAverageAndStrikeRate_ReturnHighestPlayerName" classname="com.bridglabz.LeagueAnalyserTest" time="0.39"/>
  <testcase name="givenFile_SortWithRespectBowlerStrikeRateAndAverage_ReturnHighestPlayerName" classname="com.bridglabz.LeagueAnalyserTest" time="0.409"/>
  <testcase name="givenFile_ifBattingCSVCorrect_returnNoOfEntries" classname="com.bridglabz.LeagueAnalyserTest" time="0.333"/>
  <testcase name="givenFile_SortWithRespectToStrikeRate_ReturnHighestStrikeRate" classname="com.bridglabz.LeagueAnalyserTest" time="0.384"/>
  <testcase name="givenFile_SortWithRespectAverageAndMostSixs_ReturnHighestPlayerName" classname="com.bridglabz.LeagueAnalyserTest" time="0.326"/>
  <testcase name="givenFile_SortWithRespectBowlingAverage_ReturnHighestPlayerName" classname="com.bridglabz.LeagueAnalyserTest" time="0.248"/>
  <testcase name="givenFile_SortWithRespectAverageAndNOCentury_ReturnHighestPlayerName" classname="com.bridglabz.LeagueAnalyserTest" time="0.669"/>
  <testcase name="givenFile_SortWithRespectBowlerStrikeRate_ReturnHighestPlayerName" classname="com.bridglabz.LeagueAnalyserTest" time="0.271"/>
  <testcase name="givenFile_SortWithRespectToSixFourAndStrikeRate_ReturnHighestPlayerName" classname="com.bridglabz.LeagueAnalyserTest" time="0.275"/>
  <testcase name="givenFile_SortWithRespectBowlingStrikeRates_ReturnHighestPlayerName" classname="com.bridglabz.LeagueAnalyserTest" time="0.262"/>
  <testcase name="givenFile_SortWithRespectBowlerAndBattingAverage_ReturnHighestPlayerName" classname="com.bridglabz.LeagueAnalyserTest" time="0.601"/>
  <testcase name="givenFile_ifBowlingCSVCorrect_returnNoOfEntries" classname="com.bridglabz.LeagueAnalyserTest" time="0.155"/>
  <testcase name="givenFile_SortWithRespectAverageAndRuns_ReturnHighestPlayerName" classname="com.bridglabz.LeagueAnalyserTest" time="0.249"/>
  <testcase name="givenFile_SortWithRespectBowlerBestEconomy_ReturnHighestPlayerName" classname="com.bridglabz.LeagueAnalyserTest" time="0.256"/>
  <testcase name="givenFile_SortWithRespectToAverage_ReturnHighestBattingAvg" classname="com.bridglabz.LeagueAnalyserTest" time="0.248"/>
  <testcase name="givenFile_SortWithRespectBowlerWithMaxWktsAndAverage_ReturnHighestPlayerName" classname="com.bridglabz.LeagueAnalyserTest" time="0.273"/>
  <system-out><![CDATA[]]></system-out>
  <system-err><![CDATA[]]></system-err>
</testsuite>
