<?xml version="1.0" encoding="UTF-8"?>
<testsuite name="com.bridglabz.LeagueAnalyserTest" tests="18" skipped="0" failures="0" errors="0" timestamp="2020-08-27T08:34:28" hostname="DESKTOP-GL7D8LT" time="6.899">
  <properties/>
  <testcase name="givenFile_SortWithRespectToAllRounder_ReturnHighestPlayerName" classname="com.bridglabz.LeagueAnalyserTest" time="1.309"/>
  <testcase name="givenFile_SortWithRespectToSixAndFour_ReturnHighestPlayerName" classname="com.bridglabz.LeagueAnalyserTest" time="0.371"/>
  <testcase name="givenFile_SortWithRespectAverageAndStrikeRate_ReturnHighestPlayerName" classname="com.bridglabz.LeagueAnalyserTest" time="0.364"/>
  <testcase name="givenFile_SortWithRespectBowlerStrikeRateAndAverage_ReturnHighestPlayerName" classname="com.bridglabz.LeagueAnalyserTest" time="0.362"/>
  <testcase name="givenFile_ifBattingCSVCorrect_returnNoOfEntries" classname="com.bridglabz.LeagueAnalyserTest" time="0.321"/>
  <testcase name="givenFile_SortWithRespectToStrikeRate_ReturnHighestStrikeRate" classname="com.bridglabz.LeagueAnalyserTest" time="0.33"/>
  <testcase name="givenFile_SortWithRespectAverageAndMostSixs_ReturnHighestPlayerName" classname="com.bridglabz.LeagueAnalyserTest" time="0.299"/>
  <testcase name="givenFile_SortWithRespectBowlingAverage_ReturnHighestPlayerName" classname="com.bridglabz.LeagueAnalyserTest" time="0.255"/>
  <testcase name="givenFile_SortWithRespectAverageAndNOCentury_ReturnHighestPlayerName" classname="com.bridglabz.LeagueAnalyserTest" time="0.62"/>
  <testcase name="givenFile_SortWithRespectBowlerStrikeRate_ReturnHighestPlayerName" classname="com.bridglabz.LeagueAnalyserTest" time="0.241"/>
  <testcase name="givenFile_SortWithRespectToSixFourAndStrikeRate_ReturnHighestPlayerName" classname="com.bridglabz.LeagueAnalyserTest" time="0.24"/>
  <testcase name="givenFile_SortWithRespectBowlingStrikeRates_ReturnHighestPlayerName" classname="com.bridglabz.LeagueAnalyserTest" time="0.283"/>
  <testcase name="givenFile_SortWithRespectBowlerAndBattingAverage_ReturnHighestPlayerName" classname="com.bridglabz.LeagueAnalyserTest" time="0.598"/>
  <testcase name="givenFile_ifBowlingCSVCorrect_returnNoOfEntries" classname="com.bridglabz.LeagueAnalyserTest" time="0.119"/>
  <testcase name="givenFile_SortWithRespectAverageAndRuns_ReturnHighestPlayerName" classname="com.bridglabz.LeagueAnalyserTest" time="0.267"/>
  <testcase name="givenFile_SortWithRespectBowlerBestEconomy_ReturnHighestPlayerName" classname="com.bridglabz.LeagueAnalyserTest" time="0.286"/>
  <testcase name="givenFile_SortWithRespectToAverage_ReturnHighestBattingAvg" classname="com.bridglabz.LeagueAnalyserTest" time="0.281"/>
  <testcase name="givenFile_SortWithRespectBowlerWithMaxWktsAndAverage_ReturnHighestPlayerName" classname="com.bridglabz.LeagueAnalyserTest" time="0.335"/>
  <system-out><![CDATA[]]></system-out>
  <system-err><![CDATA[]]></system-err>
</testsuite>
