<?xml version="1.0" encoding="UTF-8"?>
<testsuite name="com.bridglabz.LeagueAnalyserTest" tests="18" skipped="0" failures="0" errors="0" timestamp="2020-08-29T04:15:33" hostname="DESKTOP-GL7D8LT" time="7.139">
  <properties/>
  <testcase name="givenFile_SortWithRespectToAllRounder_ReturnHighestPlayerName" classname="com.bridglabz.LeagueAnalyserTest" time="1.3"/>
  <testcase name="givenFile_SortWithRespectToSixAndFour_ReturnHighestPlayerName" classname="com.bridglabz.LeagueAnalyserTest" time="0.382"/>
  <testcase name="givenFile_SortWithRespectAverageAndStrikeRate_ReturnHighestPlayerName" classname="com.bridglabz.LeagueAnalyserTest" time="0.291"/>
  <testcase name="givenFile_SortWithRespectBowlerStrikeRateAndAverage_ReturnHighestPlayerName" classname="com.bridglabz.LeagueAnalyserTest" time="0.29"/>
  <testcase name="givenFile_ifBattingCSVCorrect_returnNoOfEntries" classname="com.bridglabz.LeagueAnalyserTest" time="0.311"/>
  <testcase name="givenFile_SortWithRespectToStrikeRate_ReturnHighestStrikeRate" classname="com.bridglabz.LeagueAnalyserTest" time="0.331"/>
  <testcase name="givenFile_SortWithRespectAverageAndMostSixs_ReturnHighestPlayerName" classname="com.bridglabz.LeagueAnalyserTest" time="0.329"/>
  <testcase name="givenFile_SortWithRespectBowlingAverage_ReturnHighestPlayerName" classname="com.bridglabz.LeagueAnalyserTest" time="0.258"/>
  <testcase name="givenFile_SortWithRespectAverageAndNOCentury_ReturnHighestPlayerName" classname="com.bridglabz.LeagueAnalyserTest" time="0.838"/>
  <testcase name="givenFile_SortWithRespectBowlerStrikeRate_ReturnHighestPlayerName" classname="com.bridglabz.LeagueAnalyserTest" time="0.255"/>
  <testcase name="givenFile_SortWithRespectToSixFourAndStrikeRate_ReturnHighestPlayerName" classname="com.bridglabz.LeagueAnalyserTest" time="0.28"/>
  <testcase name="givenFile_SortWithRespectBowlingStrikeRates_ReturnHighestPlayerName" classname="com.bridglabz.LeagueAnalyserTest" time="0.332"/>
  <testcase name="givenFile_SortWithRespectBowlerAndBattingAverage_ReturnHighestPlayerName" classname="com.bridglabz.LeagueAnalyserTest" time="0.683"/>
  <testcase name="givenFile_ifBowlingCSVCorrect_returnNoOfEntries" classname="com.bridglabz.LeagueAnalyserTest" time="0.123"/>
  <testcase name="givenFile_SortWithRespectAverageAndRuns_ReturnHighestPlayerName" classname="com.bridglabz.LeagueAnalyserTest" time="0.235"/>
  <testcase name="givenFile_SortWithRespectBowlerBestEconomy_ReturnHighestPlayerName" classname="com.bridglabz.LeagueAnalyserTest" time="0.299"/>
  <testcase name="givenFile_SortWithRespectToAverage_ReturnHighestBattingAvg" classname="com.bridglabz.LeagueAnalyserTest" time="0.294"/>
  <testcase name="givenFile_SortWithRespectBowlerWithMaxWktsAndAverage_ReturnHighestPlayerName" classname="com.bridglabz.LeagueAnalyserTest" time="0.28"/>
  <system-out><![CDATA[]]></system-out>
  <system-err><![CDATA[]]></system-err>
</testsuite>
