<?xml version="1.0" encoding="UTF-8"?>
<testsuite name="com.bridglabz.LeagueAnalyserTest" tests="18" skipped="0" failures="0" errors="0" timestamp="2020-08-29T04:20:47" hostname="DESKTOP-GL7D8LT" time="6.626">
  <properties/>
  <testcase name="givenFile_SortWithRespectToAllRounder_ReturnHighestPlayerName" classname="com.bridglabz.LeagueAnalyserTest" time="1.301"/>
  <testcase name="givenFile_SortWithRespectToSixAndFour_ReturnHighestPlayerName" classname="com.bridglabz.LeagueAnalyserTest" time="0.409"/>
  <testcase name="givenFile_SortWithRespectAverageAndStrikeRate_ReturnHighestPlayerName" classname="com.bridglabz.LeagueAnalyserTest" time="0.272"/>
  <testcase name="givenFile_SortWithRespectBowlerStrikeRateAndAverage_ReturnHighestPlayerName" classname="com.bridglabz.LeagueAnalyserTest" time="0.309"/>
  <testcase name="givenFile_ifBattingCSVCorrect_returnNoOfEntries" classname="com.bridglabz.LeagueAnalyserTest" time="0.33"/>
  <testcase name="givenFile_SortWithRespectToStrikeRate_ReturnHighestStrikeRate" classname="com.bridglabz.LeagueAnalyserTest" time="0.252"/>
  <testcase name="givenFile_SortWithRespectAverageAndMostSixs_ReturnHighestPlayerName" classname="com.bridglabz.LeagueAnalyserTest" time="0.283"/>
  <testcase name="givenFile_SortWithRespectBowlingAverage_ReturnHighestPlayerName" classname="com.bridglabz.LeagueAnalyserTest" time="0.357"/>
  <testcase name="givenFile_SortWithRespectAverageAndNOCentury_ReturnHighestPlayerName" classname="com.bridglabz.LeagueAnalyserTest" time="0.641"/>
  <testcase name="givenFile_SortWithRespectBowlerStrikeRate_ReturnHighestPlayerName" classname="com.bridglabz.LeagueAnalyserTest" time="0.245"/>
  <testcase name="givenFile_SortWithRespectToSixFourAndStrikeRate_ReturnHighestPlayerName" classname="com.bridglabz.LeagueAnalyserTest" time="0.262"/>
  <testcase name="givenFile_SortWithRespectBowlingStrikeRates_ReturnHighestPlayerName" classname="com.bridglabz.LeagueAnalyserTest" time="0.248"/>
  <testcase name="givenFile_SortWithRespectBowlerAndBattingAverage_ReturnHighestPlayerName" classname="com.bridglabz.LeagueAnalyserTest" time="0.58"/>
  <testcase name="givenFile_ifBowlingCSVCorrect_returnNoOfEntries" classname="com.bridglabz.LeagueAnalyserTest" time="0.129"/>
  <testcase name="givenFile_SortWithRespectAverageAndRuns_ReturnHighestPlayerName" classname="com.bridglabz.LeagueAnalyserTest" time="0.236"/>
  <testcase name="givenFile_SortWithRespectBowlerBestEconomy_ReturnHighestPlayerName" classname="com.bridglabz.LeagueAnalyserTest" time="0.235"/>
  <testcase name="givenFile_SortWithRespectToAverage_ReturnHighestBattingAvg" classname="com.bridglabz.LeagueAnalyserTest" time="0.262"/>
  <testcase name="givenFile_SortWithRespectBowlerWithMaxWktsAndAverage_ReturnHighestPlayerName" classname="com.bridglabz.LeagueAnalyserTest" time="0.26"/>
  <system-out><![CDATA[]]></system-out>
  <system-err><![CDATA[]]></system-err>
</testsuite>
