<?xml version="1.0" encoding="UTF-8"?>
<testsuite name="com.bridglabz.LeagueAnalyserTest" tests="1" skipped="1" failures="0" errors="0" timestamp="2020-08-26T16:02:29" hostname="DESKTOP-GL7D8LT" time="60.466">
  <properties/>
  <testcase name="givenFile_SortWithRespectToAllRounder_ReturnHighestPlayerName" classname="com.bridglabz.LeagueAnalyserTest" time="60.466">
    <skipped/>
  </testcase>
  <system-out><![CDATA[]]></system-out>
  <system-err><![CDATA[]]></system-err>
</testsuite>
